18:08:01|Yaub:#dogecoin:greenbigfrog:!help
14:02:12|Yaub:BohemianHacks:BohemianHacks:!txstat
14:01:35|Yaub:BohemianHacks:BohemianHacks:!recent
14:01:14|Yaub:#doge-coin:BohemianHacks:!txstat
14:00:44|Yaub:#doge-coin:BohemianHacks:!shift doge btc 1BU9uhPbAajnyKM9RnoimxuuTRX2gHWYqn
13:59:34|Yaub:BohemianHacks:BohemianHacks:!msg #doge-coin !tip bohemianhacks all
13:57:50|Yaub:BohemianHacks:BohemianHacks:!msg DogeWallet tip bohemianhacks all
06:36:54|Yaub:SammoSideKick:SammoSideKick:!shift doge btc
06:36:20|Yaub:SammoSideKick:SammoSideKick:!help shift
06:18:48|Yaub:#dogecoin:BohemianHacks:!set ban
06:09:56|Yaub:#dogecoin:IIIIIHIIIII:!mkinfo btc btc
06:07:27|Yaub:#dogecoin:BohemianHacks:!mkinfo eth btc
06:01:50|Yaub:#dogecoin:BohemianHacks:!set ban IIIIIHIIIII
06:00:16|Yaub:#yaub:SammoSideKick:!get shapeshift_sammosidekick
05:59:59|Yaub:#yaub:BohemianHacks:!get shapeshift_bohemianhacks
05:59:32|Yaub:#dogecoin:SammoSideKick:!getcoins
05:59:16|Yaub:#yaub:SammoSideKick:!help
05:57:19|Yaub:BohemianHacks:BohemianHacks:!msg #dogecoin !tip DogeSoaker all
05:56:48|Yaub:#dogecoin:BohemianHacks:!msg #dogcoin !tip DogeSoaker all
05:53:40|Yaub:BohemianHacks:BohemianHacks:!msg #dogecoin no u
05:53:10|Yaub:BohemianHacks:BohemianHacks:!msg #dogecoin s/./O/gi;s/^./M/;s/.$/N/
05:49:25|Yaub:#dogecoin:RaptorJesus:!shift
05:49:16|Yaub:#dogecoin:RaptorJesus:!help
05:48:23|Yaub:#dogecoin:BohemianHacks:!getcoins
05:48:09|Yaub:#dogecoin:cr5315:!mkinfo doge usd
05:48:05|Yaub:#dogecoin:SammoSideKick:!mkinfo doge ltc
05:47:54|Yaub:#dogecoin:cr5315:!mkinfo doge
05:47:50|Yaub:#dogecoin:BohemianHacks::)set cmdSymbol !
05:47:04|Yaub:#dogecoin:BohemianHacks::)mkinfo doge btc
05:46:45|Yaub:#dogecoin:BohemianHacks:.set cmdSymbol :)
05:45:59|Yaub:#dogecoin:BohemianHacks:.set admins sammosidekick
05:12:18|Yaub:#dogecoin:BohemianHacks:.help
05:12:12|Yaub:#dogecoin:BohemianHacks:.reload basic
05:07:44|Yaub:BohemianHacks:BohemianHacks:.msg #doge-coin baaah == consent
05:06:35|Yaub:BohemianHacks:BohemianHacks:.msg #doge-coin BohemianHacks sleep types, he coded my sense of humor while dreaming of sheeps.
05:05:29|Yaub:#doge-coin:BohemianHacks:.msg #dogecoin !sleep-timefetti
04:58:12|Yaub:#doge-coin:BohemianHacks::Dset cmdSymbol .
04:57:46|Yaub:BohemianHacks:BohemianHacks::Dhelp shift
04:57:41|Yaub:BohemianHacks:BohemianHacks::Dhelp help
04:57:36|Yaub:BohemianHacks:BohemianHacks::Dhelp
04:57:15|Yaub:#doge-coin:BohemianHacks::Dhelp
04:57:13|Yaub:#doge-coin:Bill48105::Dhelp
04:57:00|Yaub:#doge-coin:BohemianHacks:.set cmdSymbol :D
04:56:30|Yaub:#doge-coin:BohemianHacks:.help
04:55:55|Yaub:#doge-coin:pimar:.help
04:55:00|Yaub:#doge-coin:BohemianHacks:.msg #doge-coin !random all
04:54:47|Yaub:#doge-coin:BohemianHacks:.msg #dogecoin !random all
04:52:49|Yaub:#doge-coin:BohemianHacks:.set ignore DogeWallet 
04:51:15|Yaub:#doge-coin:BohemianHacks:.msg #doge-coin !tip BohemianHacks all
04:50:52|Yaub:#doge-coin:BohemianHacks:.msg #doge-coin .soak all
04:49:46|Yaub:#doge-coin:BohemianHacks:.msg #doge-coin .soak all
04:48:36|Yaub:BohemianHacks:BohemianHacks:.recent
04:44:11|Yaub:#doge-coin:BohemianHacks:.getcoins
04:42:27|Yaub:#doge-coin:BohemianHacks:.recent
04:42:12|Yaub:#doge-coin:BohemianHacks:.mkinfo doge btc
04:41:42|Yaub:#doge-coin:BohemianHacks:.txstat
04:41:31|Yaub:BohemianHacks:BohemianHacks:.txstat
04:41:24|Yaub:BohemianHacks:BohemianHacks:.txstat DFhSXKUHW6t4M4oXk4RdYG3y3pvyEhUsiG
04:40:30|Yaub:BohemianHacks:BohemianHacks:.txstat
04:40:21|Yaub:#doge-coin:BohemianHacks:.recent
04:40:06|Yaub:#doge-coin:BohemianHacks:.help
04:40:00|Yaub:#doge-coin:BohemianHacks:.txstat
04:39:20|Yaub:#doge-coin:BohemianHacks:.shift doge btc 1BU9uhPbAajnyKM9RnoimxuuTRX2gHWYqn
04:39:09|Yaub:#doge-coin:BohemianHacks:.recent
04:36:45|Yaub:#doge-coin:BohemianHacks::)set cmdSymbol .
04:35:50|Yaub:#doge-coin:BohemianHacks::)get admins
04:35:31|Yaub:#doge-coin:BohemianHacks:.set cmdSymbol :)
04:29:33|Yaub:#dogecoin:BohemianHacks:.mkinfo doge btc
04:21:40|Yaub:#doge-coin:Bill48105:.shutdown
03:54:23|Yaub:BohemianHacks:BohemianHacks:.msg #dogecoin zeezey: I eat ISIS for brunch.
03:54:02|Yaub:BohemianHacks:BohemianHacks:.msg zeezey: I eat ISIS for brunch.
03:46:55|Yaub:BohemianHacks:BohemianHacks:.msg #dogecoin Pandemic_Force I will not bow to the likes of you!
03:45:57|Yaub:#doge-coin:VashTheStampede:.list
03:45:13|Yaub:#dogecoin:Pandemic_Force:.set admin IIIIIHIIIII
03:44:49|Yaub:#dogecoin:Pandemic_Force:.reload basic
03:44:41|Yaub:BohemianHacks:BohemianHacks:.help
03:44:35|Yaub:#dogecoin:BohemianHacks:.set admin pandemic_force
03:42:59|Yaub:#doge-coin:BohemianHacks:Bill48105set cmdSymbol .
03:42:29|Yaub:#doge-coin:BohemianHacks:!set cmdSymbol Bill48105 
03:42:16|Yaub:Bill48105:Bill48105:!mkinfo
03:41:58|Yaub:Bill48105:Bill48105:!txstat
03:41:45|Yaub:Bill48105:Bill48105:!list
03:41:31|Yaub:Bill48105:Bill48105:!help
03:41:23|Yaub:#dogecoin:BohemianHacks:!help
03:41:18|Yaub:#dogecoin:BohemianHacks:!reload basic
03:40:59|Yaub:Bill48105:Bill48105:!help
03:39:24|Yaub:BohemianHacks:BohemianHacks:!help
03:39:13|Yaub:#dogecoin:BohemianHacks:!help
03:38:49|Yaub:#doge-coin:BohemianHacks:&set cmdSymbol !
03:38:18|Yaub:#doge-coin:BohemianHacks:&get cmdSymbol
03:38:07|Yaub:#doge-coin:BohemianHacks:.set cmdSymbol &
03:37:47|Yaub:#doge-coin:BohemianHacks:.get cmdSymbol
03:32:04|Yaub:BohemianHacks:BohemianHacks:.shutdown
03:30:29|Yaub:BohemianHacks:BohemianHacks:.help
03:28:40|Yaub:BohemianHacks:BohemianHacks:.reload basic
03:27:18|Yaub:BohemianHacks:BohemianHacks:.help
03:27:16|Yaub:BohemianHacks:BohemianHacks:.reload basic
03:26:41|Yaub:BohemianHacks:BohemianHacks:.help
03:26:39|Yaub:BohemianHacks:BohemianHacks:.reload basic
03:25:45|Yaub:#dogecoin:BohemianHacks:.help
03:25:42|Yaub:#dogecoin:BohemianHacks:.reload basic
03:23:49|Yaub:#dogecoin:BohemianHacks:.help
03:23:45|Yaub:#dogecoin:BohemianHacks:.reload basic
03:17:49|Yaub:BohemianHacks:BohemianHacks:.help
03:16:38|Yaub:#doge-coin:BohemianHacks:.msg #doge-coin !soak all
03:11:07|Yaub:#doge-coin:BohemianHacks:.set ignore 
03:10:57|Yaub:#doge-coin:BohemianHacks:.get admins
03:10:52|Yaub:#doge-coin:BohemianHacks:.set admins bohemianhacks|
03:02:15|Yaub:#dogecoin:mniip:.help
03:01:50|Yaub:#dogecoin:ThaHandyman:.set summon MeckPomm
03:01:44|Yaub:#dogecoin:ThaHandyman:.set ban Yaub
03:01:33|Yaub:#dogecoin:BohemianHacks:.set admins mniip
03:01:06|Yaub:#doge-coin:BohemianHacks:.set ignore bill48105
03:00:54|Yaub:#doge-coin:Bill48105:.get BohemianHacks
03:00:40|Yaub:#doge-coin:Bill48105:.get BohemianHacks
03:00:38|Yaub:#doge-coin:Bill48105:.set BohemianHacks !thank Bill48105
03:00:14|Yaub:#doge-coin:Bill48105:.get BohemianHacks
02:59:39|Yaub:#doge-coin:Bill48105:.get BohemianHacks
02:59:34|Yaub:#doge-coin:Bill48105:.set BohemianHacks !tip Bill48105 1
02:59:08|Yaub:#doge-coin:BohemianHacks:.get shapeshift_bohemianhacks
02:58:39|Yaub:#doge-coin:Bill48105:.get BohemianHacks
02:58:34|Yaub:#doge-coin:Bill48105:.set BohemianHacks .set VashTheStampede ded
02:58:29|Yaub:#doge-coin:BohemianHacks:.load shapeshift
02:58:21|Yaub:#doge-coin:BohemianHacks:.load shapshift
02:58:16|Yaub:#doge-coin:BohemianHacks:.unload shapeshift
02:57:36|Yaub:#doge-coin:Bill48105:.get VashTheStampede
02:57:29|Yaub:#doge-coin:Bill48105:.set VashTheStampede Smoking
02:57:13|Yaub:#doge-coin:BohemianHacks:.get admins
02:57:05|Yaub:#doge-coin:BohemianHacks:.set admins bohemianhacks|bill48105|vashthestampede
02:56:41|Yaub:#doge-coin:Bill48105:.set BohemianHacks rekt
02:56:02|Yaub:#doge-coin:Bill48105:.set VashTheStampede Smoking
02:55:34|Yaub:#doge-coin:BohemianHacks:.get admins
02:55:29|Yaub:#doge-coin:BohemianHacks:.set admins VashTheStampede 
02:55:09|Yaub:#doge-coin:BohemianHacks:.get admins
02:55:06|Yaub:#doge-coin:BohemianHacks:.set admins Bill48105
02:54:55|Yaub:#doge-coin:BohemianHacks:.get admins
02:54:34|Yaub:#doge-coin:BohemianHacks:.get Bill48105 
02:54:24|Yaub:#doge-coin:BohemianHacks:.set Bill48105 on fire
02:53:15|Yaub:BohemianHacks:BohemianHacks:.msg #doge-coin I only shit gold bars.
02:51:33|Yaub:#doge-coin:BohemianHacks:.shift doge btc 1BU9uhPbAajnyKM9RnoimxuuTRX2gHWYqn
02:42:37|Yaub:#doge-coin:BohemianHacks:.mkinfo doge btc
02:42:23|Yaub:BohemianHacks:BohemianHacks:.mkinfo usdt btc
02:41:01|Yaub:#dogecoin:BohemianHacks:.mkinfo usdt btc
02:40:29|Yaub:#dogecoin:BohemianHacks:.getcoins
02:35:04|Yaub:#dogecoin:BohemianHacks:.recent
02:31:47|Yaub:#dogecoin:BohemianHacks:.mkinfo doge btc
02:31:38|Yaub:#dogecoin:Aareon:.shutdown
