20:34:54|Yaub:BohemianHacks:BohemianHacks:.msg #dogecoin !tip DimiFW all
20:34:42|Yaub:BohemianHacks:BohemianHacks:.msg #dogecoin !tip DimiFW all
20:34:20|Yaub:BohemianHacks:BohemianHacks:.msg #dogecoin !balance
20:24:38|Yaub:BohemianHacks:BohemianHacks:.list
20:23:13|Yaub:#doge-coin:BohemianHacks:.msg #doge-coin !soak all
20:22:16|Yaub:#dogecoin:BohemianHacks:.mkinfo doge btc
20:22:10|Yaub:#dogecoin:BohemianHacks:.reload shapeshift
20:20:51|Yaub:#dogecoin:BohemianHacks:.mkinfo doge btc
20:19:45|Yaub:BohemianHacks:BohemianHacks:.shutdown
20:19:36|Yaub:BohemianHacks:BohemianHacks:.help
20:18:52|Yaub:BohemianHacks:BohemianHacks:.mkinfo doge btc
20:18:42|Yaub:BohemianHacks:BohemianHacks:.mkinfo doge btc
20:17:43|Yaub:BohemianHacks:BohemianHacks:.mkinfo doge btc
20:17:40|Yaub:BohemianHacks:BohemianHacks:.reload shapeshift
20:17:37|Yaub:BohemianHacks:BohemianHacks:.getcoins
20:16:40|Yaub:BohemianHacks:BohemianHacks:.mkinfo doge btc
20:16:34|Yaub:BohemianHacks:BohemianHacks:.getcoins
20:16:33|Yaub:BohemianHacks:BohemianHacks:.getcoins
20:16:26|Yaub:BohemianHacks:BohemianHacks:.getcoins
20:16:25|Yaub:BohemianHacks:BohemianHacks:.getcoins
20:16:22|Yaub:BohemianHacks:BohemianHacks:.reload shapeshift
20:15:59|Yaub:BohemianHacks:BohemianHacks:.getcoins
20:15:57|Yaub:BohemianHacks:BohemianHacks:.getcoins
20:15:47|Yaub:BohemianHacks:BohemianHacks:.getcoins
20:15:46|Yaub:BohemianHacks:BohemianHacks:.getcoins
20:15:24|Yaub:BohemianHacks:BohemianHacks:.getcoins
20:15:21|Yaub:BohemianHacks:BohemianHacks:.getcoins
20:15:13|Yaub:BohemianHacks:BohemianHacks:.mkinfo doge btc
20:15:06|Yaub:BohemianHacks:BohemianHacks:.mkinfo doge btc
20:15:04|Yaub:BohemianHacks:BohemianHacks:.reload shapeshift
20:14:29|Yaub:BohemianHacks:BohemianHacks:.mkinfo doge btc
20:14:26|Yaub:BohemianHacks:BohemianHacks:.mkinfo doge btc
20:14:24|Yaub:BohemianHacks:BohemianHacks:.mkinfo doge btc
20:14:20|Yaub:BohemianHacks:BohemianHacks:.mkinfo doge btc
20:14:18|Yaub:BohemianHacks:BohemianHacks:.reload shapeshift
20:13:36|Yaub:BohemianHacks:BohemianHacks:.mkinfo doge btc
20:13:34|Yaub:BohemianHacks:BohemianHacks:.mkinfo doge btc
20:13:28|Yaub:BohemianHacks:BohemianHacks:.reload shapeshift
20:13:23|Yaub:BohemianHacks:BohemianHacks:.reload shapehsift
20:07:35|Yaub:BohemianHacks:BohemianHacks:.getcoins
20:07:28|Yaub:BohemianHacks:BohemianHacks:.getcoins
20:03:32|Yaub:BohemianHacks:BohemianHacks:.mkinfo doge btc
20:03:26|Yaub:BohemianHacks:BohemianHacks:.reload shapeshift
20:01:08|Yaub:BohemianHacks:BohemianHacks:.txstat
20:00:57|Yaub:BohemianHacks:BohemianHacks:.help
19:59:48|Yaub:BohemianHacks:BohemianHacks:.get admins
19:59:38|Yaub:BohemianHacks:BohemianHacks:.get shapeshift_bohemianhacks
19:57:12|Yaub:#yaub:BohemianHacks:.getcoins
19:55:58|Yaub:#yaub:BohemianHacks:.mkinfo doge btc
19:54:23|Yaub:BohemianHacks:BohemianHacks:.mkinfo doge btc
19:48:36|Yaub:#yaub:BohemianHacks:.mkinfo doge btc
19:47:38|Yaub:#yaub:BohemianHacks:.mkinfo doge btc
19:43:59|Yaub:#yaub:BohemianHacks:.mkinfo doge btc
19:43:53|Yaub:#yaub:BohemianHacks:.reload shapeshift
19:41:11|Yaub:BohemianHacks:BohemianHacks:.mkinfo doge btc
19:40:58|Yaub:BohemianHacks:BohemianHacks:.recent
19:40:53|Yaub:BohemianHacks:BohemianHacks:.help
19:40:04|Yaub:#dogecoin:Bill48105:.mkinfo doge ltc
19:40:04|Yaub:BohemianHacks:BohemianHacks:.txstat
19:40:04|Yaub:BohemianHacks:BohemianHacks:.recent
19:40:04|Yaub:BohemianHacks:BohemianHacks:.mkinfo doge btc
19:35:50|Yaub:#dogecoin:BohemianHacks:.mkinfo doge btc
19:34:33|Yaub:BohemianHacks:BohemianHacks:.help
19:34:33|Yaub:BohemianHacks:BohemianHacks:.help
19:34:33|Yaub:BohemianHacks:BohemianHacks:.help
19:32:26|Yaub:#dogecoin:BohemianHacks:.mkinfo doge btc
15:48:01|Yaub:#dogecoin:BohemianHacks:.mkinfo btc usdt
15:46:36|Yaub:#dogecoin:BohemianHacks:.getcoins
