20:16:42|Yaub: Error in authed command:{'cmd': 'mkinfo', 'args': ['.mkinfo', 'doge', 'btc'], 'chan': 'BohemianHacks', 'nick': 'BohemianHacks', 'host': 'gateway/shell/insomnia247/x-oiyajzcvcddvyhip', 'user': 'bohemianhacks', 'type': 'authed'}:float argument required, not str
20:15:18|Yaub: Error in authed command:{'cmd': 'mkinfo', 'args': ['.mkinfo', 'doge', 'btc'], 'chan': 'BohemianHacks', 'nick': 'BohemianHacks', 'host': 'gateway/shell/insomnia247/x-oiyajzcvcddvyhip', 'user': 'bohemianhacks', 'type': 'authed'}:float argument required, not str
20:15:11|Yaub: Error in authed command:{'cmd': 'mkinfo', 'args': ['.mkinfo', 'doge', 'btc'], 'chan': 'BohemianHacks', 'nick': 'BohemianHacks', 'host': 'gateway/shell/insomnia247/x-oiyajzcvcddvyhip', 'user': 'bohemianhacks', 'type': 'authed'}:float argument required, not str
20:14:30|Yaub: Error in authed command:{'cmd': 'mkinfo', 'args': ['.mkinfo', 'doge', 'btc'], 'chan': 'BohemianHacks', 'nick': 'BohemianHacks', 'host': 'gateway/shell/insomnia247/x-oiyajzcvcddvyhip', 'user': 'bohemianhacks', 'type': 'authed'}:float argument required, not str
20:14:27|Yaub: Error in authed command:{'cmd': 'mkinfo', 'args': ['.mkinfo', 'doge', 'btc'], 'chan': 'BohemianHacks', 'nick': 'BohemianHacks', 'host': 'gateway/shell/insomnia247/x-oiyajzcvcddvyhip', 'user': 'bohemianhacks', 'type': 'authed'}:float argument required, not str
20:14:25|Yaub: Error in authed command:{'cmd': 'mkinfo', 'args': ['.mkinfo', 'doge', 'btc'], 'chan': 'BohemianHacks', 'nick': 'BohemianHacks', 'host': 'gateway/shell/insomnia247/x-oiyajzcvcddvyhip', 'user': 'bohemianhacks', 'type': 'authed'}:float argument required, not str
20:14:21|Yaub: Error in authed command:{'cmd': 'mkinfo', 'args': ['.mkinfo', 'doge', 'btc'], 'chan': 'BohemianHacks', 'nick': 'BohemianHacks', 'host': 'gateway/shell/insomnia247/x-oiyajzcvcddvyhip', 'user': 'bohemianhacks', 'type': 'authed'}:float argument required, not str
20:13:37|Yaub: Error in authed command:{'cmd': 'mkinfo', 'args': ['.mkinfo', 'doge', 'btc'], 'chan': 'BohemianHacks', 'nick': 'BohemianHacks', 'host': 'gateway/shell/insomnia247/x-oiyajzcvcddvyhip', 'user': 'bohemianhacks', 'type': 'authed'}:<urlopen error [Errno 115] Operation now in progress>
20:13:34|Yaub: Error in authed command:{'cmd': 'mkinfo', 'args': ['.mkinfo', 'doge', 'btc'], 'chan': 'BohemianHacks', 'nick': 'BohemianHacks', 'host': 'gateway/shell/insomnia247/x-oiyajzcvcddvyhip', 'user': 'bohemianhacks', 'type': 'authed'}:<urlopen error [Errno 115] Operation now in progress>
20:05:39|Yaub: Error in authed command:{'cmd': 'mkinfo', 'args': ['.mkinfo', 'doge', 'btc'], 'chan': 'BohemianHacks', 'nick': 'BohemianHacks', 'host': 'gateway/shell/insomnia247/x-oiyajzcvcddvyhip', 'user': 'bohemianhacks', 'type': 'authed'}:float argument required, not str
19:56:46|Yaub: Error in authed command:{'cmd': 'mkinfo', 'args': ['.mkinfo', 'doge', 'btc'], 'chan': '#yaub', 'nick': 'BohemianHacks', 'host': 'gateway/shell/insomnia247/x-oiyajzcvcddvyhip', 'user': 'bohemianhacks', 'type': 'authed'}:float argument required, not str
19:55:39|Yaub: Error in authed command:{'cmd': 'mkinfo', 'args': ['.mkinfo', 'doge', 'btc'], 'chan': 'BohemianHacks', 'nick': 'BohemianHacks', 'host': 'gateway/shell/insomnia247/x-oiyajzcvcddvyhip', 'user': 'bohemianhacks', 'type': 'authed'}:float argument required, not str
19:50:44|Yaub: Error in authed command:{'cmd': 'mkinfo', 'args': ['.mkinfo', 'doge', 'btc'], 'chan': '#yaub', 'nick': 'BohemianHacks', 'host': 'gateway/shell/insomnia247/x-oiyajzcvcddvyhip', 'user': 'bohemianhacks', 'type': 'authed'}:float argument required, not str
19:48:21|Yaub: Error in authed command:{'cmd': 'mkinfo', 'args': ['.mkinfo', 'doge', 'btc'], 'chan': '#yaub', 'nick': 'BohemianHacks', 'host': 'gateway/shell/insomnia247/x-oiyajzcvcddvyhip', 'user': 'bohemianhacks', 'type': 'authed'}:float argument required, not str
19:46:06|Yaub: Error in authed command:{'cmd': 'mkinfo', 'args': ['.mkinfo', 'doge', 'btc'], 'chan': '#yaub', 'nick': 'BohemianHacks', 'host': 'gateway/shell/insomnia247/x-oiyajzcvcddvyhip', 'user': 'bohemianhacks', 'type': 'authed'}:float argument required, not str
19:43:23|Yaub: Error in authed command:{'cmd': 'mkinfo', 'args': ['.mkinfo', 'doge', 'btc'], 'chan': 'BohemianHacks', 'nick': 'BohemianHacks', 'host': 'gateway/shell/insomnia247/x-oiyajzcvcddvyhip', 'user': 'bohemianhacks', 'type': 'authed'}:float argument required, not str
19:40:30|Yaub: Error in authed command:{'cmd': 'mkinfo', 'args': ['.mkinfo', 'doge', 'btc'], 'chan': 'BohemianHacks', 'nick': 'BohemianHacks', 'host': 'gateway/shell/insomnia247/x-oiyajzcvcddvyhip', 'user': 'bohemianhacks', 'type': 'authed'}:float argument required, not str
19:40:04|Yaub: Error in authed command:{'cmd': 'mkinfo', 'args': ['.mkinfo', 'doge', 'btc'], 'chan': '#dogecoin', 'nick': 'BohemianHacks', 'host': 'gateway/shell/insomnia247/x-oiyajzcvcddvyhip', 'user': 'bohemianhacks', 'type': 'authed'}:float argument required, not str
19:34:33|Yaub: Error in authed command:{'cmd': 'mkinfo', 'args': ['.mkinfo', 'doge', 'btc'], 'chan': '#dogecoin', 'nick': 'BohemianHacks', 'host': 'gateway/shell/insomnia247/x-oiyajzcvcddvyhip', 'user': 'bohemianhacks', 'type': 'authed'}:float argument required, not str
]
19:28:57|Connection lost:[Failure instance: Traceback (failure with no frames): <class 'twisted.internet.error.ConnectionLost'>: Connection to the other side was lost in a non-clean fashion.
